<?xml version="1.0" encoding="UTF-8"?>
<!-- Generated by org.testng.reporters.JUnitReportReporter -->
<testsuite hostname="EPUAKYIW1121" failures="0" tests="3" name="TestsForTrello.FirstRun" time="3.159" errors="0" timestamp="2021-06-16T15:49:23 EEST" skipped="0">
  <testcase classname="TestsForTrello.FirstRun" name="getCardsList" time="1.038"/>
  <system-out/>
  <testcase classname="TestsForTrello.FirstRun" name="addComentsToTheCard" time="1.717"/>
  <system-out/>
  <testcase classname="TestsForTrello.FirstRun" name="testCreatNewCard" time="0.404"/>
  <system-out/>
</testsuite> <!-- TestsForTrello.FirstRun -->
